\BOOKMARK [0][-]{chapter.1}{\376\377\000A\000s\000s\000e\000t\000\040\000O\000v\000e\000r\000v\000i\000e\000w}{}% 1
\BOOKMARK [1][-]{section.1.1}{\376\377\000P\000r\000o\000p\000e\000r\000t\000i\000e\000s\000\040\000o\000f\000\040\000t\000h\000e\000\040\000T\000i\000m\000e\000-\000S\000e\000r\000i\000e\000s}{chapter.1}% 2
\BOOKMARK [1][-]{section.1.2}{\376\377\000D\000e\000s\000c\000r\000i\000p\000t\000i\000v\000e\000\040\000s\000t\000a\000t\000i\000s\000t\000i\000c\000s}{chapter.1}% 3
\BOOKMARK [0][-]{chapter.2}{\376\377\000V\000i\000s\000u\000a\000l\000i\000z\000a\000t\000i\000o\000n}{}% 4
\BOOKMARK [1][-]{section.2.1}{\376\377\000U\000n\000i\000t\000-\000r\000o\000o\000t\000\040\000a\000n\000d\000\040\000S\000e\000a\000s\000o\000n\000a\000l\000i\000t\000y}{chapter.2}% 5
\BOOKMARK [0][-]{chapter.3}{\376\377\000A\000R\000I\000M\000A\000\040\000M\000o\000d\000e\000l}{}% 6
\BOOKMARK [1][-]{section.3.1}{\376\377\000A\000R\000M\000A\000\040\000M\000o\000d\000e\000l}{chapter.3}% 7
\BOOKMARK [1][-]{section.3.2}{\376\377\000M\000o\000d\000e\000l\000\040\000S\000e\000l\000e\000c\000t\000i\000o\000n}{chapter.3}% 8
\BOOKMARK [1][-]{section.3.3}{\376\377\000F\000o\000r\000e\000c\000a\000s\000t\000i\000n\000g}{chapter.3}% 9
\BOOKMARK [0][-]{chapter.4}{\376\377\000V\000e\000c\000t\000o\000r\000\040\000A\000u\000t\000o\000r\000e\000g\000r\000e\000s\000s\000i\000v\000e\000\040\000M\000o\000d\000e\000l\000s}{}% 10
\BOOKMARK [1][-]{section.4.1}{\376\377\000V\000A\000R\000\040\000A\000n\000a\000l\000y\000s\000i\000s}{chapter.4}% 11
\BOOKMARK [1][-]{section.4.2}{\376\377\000C\000o\000i\000n\000t\000e\000g\000r\000a\000t\000i\000o\000n}{chapter.4}% 12
\BOOKMARK [0][-]{chapter.5}{\376\377\000A\000R\000C\000H\000/\000G\000A\000R\000C\000H\000\040\000V\000o\000l\000a\000t\000i\000l\000i\000t\000y\000\040\000M\000o\000d\000e\000l\000s}{}% 13
\BOOKMARK [1][-]{section.5.1}{\376\377\000A\000R\000C\000H}{chapter.5}% 14
\BOOKMARK [1][-]{section.5.2}{\376\377\000G\000A\000R\000C\000H}{chapter.5}% 15
\BOOKMARK [2][-]{subsection.5.2.1}{\376\377\000G\000A\000R\000C\000H\000\050\0001\000,\0001\000\051}{section.5.2}% 16
\BOOKMARK [1][-]{section.5.3}{\376\377\000G\000A\000R\000C\000H\000\040\000E\000x\000t\000e\000n\000s\000i\000o\000n}{chapter.5}% 17
\BOOKMARK [2][-]{subsection.5.3.1}{\376\377\000E\000G\000A\000R\000C\000H}{section.5.3}% 18
\BOOKMARK [2][-]{subsection.5.3.2}{\376\377\000G\000J\000R\000-\000G\000A\000R\000C\000H}{section.5.3}% 19
\BOOKMARK [1][-]{section.5.4}{\376\377\000I\000G\000A\000R\000C\000H}{chapter.5}% 20
\BOOKMARK [1][-]{section.5.5}{\376\377\000T\000G\000A\000R\000C\000H}{chapter.5}% 21
\BOOKMARK [1][-]{section.5.6}{\376\377\000M\000o\000d\000e\000l\000\040\000S\000e\000l\000e\000c\000t\000i\000o\000n\000\040}{chapter.5}% 22
\BOOKMARK [1][-]{section.5.7}{\376\377\000F\000o\000r\000e\000c\000a\000s\000t\000i\000n\000g}{chapter.5}% 23
\BOOKMARK [0][-]{appendix.1.A}{\376\377\000F\000i\000g\000u\000r\000e\000s}{}% 24
\BOOKMARK [0][-]{appendix.1.B}{\376\377\000T\000a\000b\000l\000e\000s}{}% 25
